<html>
<body>
<pre>
<h1>µVision Build Log</h1>
<h2>Project:</h2>
C:\Keil\ValvanoWareTM4C123\EE445M\Lab1\UARTInts.uvproj
Project File Date:  02/06/2017

<h2>Output:</h2>
Rebuild target 'UARTInts'
assembling startup.s...
compiling PLL.c...
compiling UART.c...
compiling ST7735.c...
compiling ADC.c...
compiling OS.c...
compiling Lab2.c...
assembling PID_stm32.s...
assembling cr4_fft_64_stm32.s...
compiling Interpreter.c...
linking...
Program Size: Code=9432 RO-data=2052 RW-data=208 ZI-data=1984  
".\UARTInts.axf" - 0 Error(s), 0 Warning(s).
</pre>
</body>
</html>
warnings, 1 error
compiling Lab2.c...
assembling PID_stm32.s...
assembling cr4_fft_64_stm32.s...
compiling Interpreter.c...
".\UARTInts.axf" - 1 Error(s), 0 Warning(s).
Target not created

compiling Lab2.c...
assembling PID_stm32.s...
assembling cr4_fft_64_stm32.s...
compiling Interpreter.c...
".\UARTInts.axf" - 2 Error(s), 0 Warning(s).
Target not created
183): warning:  #940-D: missing return statement at end of non-void function "OS_AddPeriodicThread"
  }
OS.c(200): warning:  #940-D: missing return statement at end of non-void function "OS_AddSW1Task"
  }
OS.c(217): warning:  #940-D: missing return statement at end of non-void function "OS_AddSW2Task"
  }
OS.c(225): error:  #169: expected a declaration
  void OS_Sleep(unsigned long sleepTime);{
OS.c(271): warning:  #940-D: missing return statement at end of non-void function "OS_Fifo_Put"
  }
OS.c(280): warning:  #940-D: missing return statement at end of non-void function "OS_Fifo_Get"
  }
OS.c(291): warning:  #940-D: missing return statement at end of non-void function "OS_Fifo_Size"
  }
OS.c(319): warning:  #940-D: missing return statement at end of non-void function "OS_MailBox_Recv"
  }
OS.c(330): warning:  #940-D: missing return statement at end of non-void function "OS_Time"
  }
OS.c(341): warning:  #940-D: missing return statement at end of non-void function "OS_TimeDifference"
  }
OS.c(360): warning:  #940-D: missing return statement at end of non-void function "OS_MsTime"
  }
OS.c: 12 warnings, 3 errors
compiling Lab2.c...
assembling PID_stm32.s...
assembling cr4_fft_64_stm32.s...
compiling Interpreter.c...
".\UARTInts.axf" - 3 Error(s), 12 Warning(s).
Target not created
erred from lab2.o).
.\UARTInts.axf: Error: L6218E: Undefined symbol OS_bSignal (referred from lab2.o).
.\UARTInts.axf: Error: L6218E: Undefined symbol OS_bWait (referred from lab2.o).
Not enough information to list image symbols.
Finished: 1 information, 0 warning and 24 error messages.
".\UARTInts.axf" - 24 Error(s), 0 Warning(s).
Target not created
s.axf" - 25 Error(s), 0 Warning(s).
Target not created
formation, 0 warning and 27 error messages.
".\UARTInts.axf" - 27 Error(s), 0 Warning(s).
Target not created
Warning(s).
Target not created
5.h(195): error:  #20: identifier "uint16_t" is undefined
  uint16_t ST7735_Color565(uint8_t r, uint8_t g, uint8_t b);
ST7735.h(195): error:  #20: identifier "uint8_t" is undefined
  uint16_t ST7735_Color565(uint8_t r, uint8_t g, uint8_t b);
ST7735.h(195): error:  #20: identifier "uint8_t" is undefined
  uint16_t ST7735_Color565(uint8_t r, uint8_t g, uint8_t b);
ST7735.h(195): error:  #20: identifier "uint8_t" is undefined
  uint16_t ST7735_Color565(uint8_t r, uint8_t g, uint8_t b);
ST7735.h(202): error:  #20: identifier "uint16_t" is undefined
  uint16_t ST7735_SwapColor(uint16_t x) ;
ST7735.h(202): error:  #20: identifier "uint16_t" is undefined
  uint16_t ST7735_SwapColor(uint16_t x) ;
ST7735.h(224): error:  #20: identifier "int16_t" is undefined
  void ST7735_DrawBitmap(int16_t x, int16_t y, const uint16_t *image, int16_t w, int16_t h);
ST7735.h(224): error:  #20: identifier "int16_t" is undefined
  void ST7735_DrawBitmap(int16_t x, int16_t y, const uint16_t *image, int16_t w, int16_t h);
ST7735.h(224): error:  #20: identifier "uint16_t" is undefined
  void ST7735_DrawBitmap(int16_t x, int16_t y, const uint16_t *image, int16_t w, int16_t h);
ST7735.h(224): error:  #20: identifier "int16_t" is undefined
  void ST7735_DrawBitmap(int16_t x, int16_t y, const uint16_t *image, int16_t w, int16_t h);
ST7735.h(224): error:  #20: identifier "int16_t" is undefined
  void ST7735_DrawBitmap(int16_t x, int16_t y, const uint16_t *image, int16_t w, int16_t h);
ST7735.h(241): error:  #20: identifier "int16_t" is undefined
  void ST7735_DrawCharS(int16_t x, int16_t y, char c, int16_t textColor, int16_t bgColor, uint8_t size);
Lab2.c: 0 warnings, 30 errors
".\UARTInts.axf" - 30 Error(s), 0 Warning(s).
Target not created
ned
  void ST7735_DrawBitmap(int16_t x, int16_t y, const uint16_t *image, int16_t w, int16_t h);
ST7735.h(224): error:  #20: identifier "uint16_t" is undefined
  void ST7735_DrawBitmap(int16_t x, int16_t y, const uint16_t *image, int16_t w, int16_t h);
ST7735.h(224): error:  #20: identifier "int16_t" is undefined
  void ST7735_DrawBitmap(int16_t x, int16_t y, const uint16_t *image, int16_t w, int16_t h);
ST7735.h(224): error:  #20: identifier "int16_t" is undefined
  void ST7735_DrawBitmap(int16_t x, int16_t y, const uint16_t *image, int16_t w, int16_t h);
ST7735.h(241): error:  #20: identifier "int16_t" is undefined
  void ST7735_DrawCharS(int16_t x, int16_t y, char c, int16_t textColor, int16_t bgColor, uint8_t size);
ST7735.h(241): error:  #20: identifier "int16_t" is undefined
  void ST7735_DrawCharS(int16_t x, int16_t y, char c, int16_t textColor, int16_t bgColor, uint8_t size);
Lab2.c: 3 warnings, 30 errors
".\UARTInts.axf" - 31 Error(s), 6 Warning(s).
Target not created
